2024-08-21 18:51:44 - INFO - Serial connection initialized.
2024-08-21 18:51:44 - INFO - Message sent successfully.
2024-08-21 18:51:44 - INFO - Serial connection closed.
2024-08-21 18:52:24 - INFO - Serial connection initialized.
2024-08-21 18:52:24 - INFO - Message sent successfully.
2024-08-21 18:52:24 - INFO - Serial connection closed.
2024-08-21 18:52:58 - INFO - Serial connection initialized.
2024-08-21 18:52:58 - INFO - Message sent successfully.
2024-08-21 18:52:59 - INFO - Serial connection closed.
2024-08-21 18:54:49 - INFO - Serial connection initialized.
2024-08-21 18:54:49 - INFO - Message sent successfully.
2024-08-21 18:54:49 - INFO - Serial connection closed.
2024-08-21 18:56:19 - INFO - Serial connection initialized.
2024-08-21 18:56:19 - INFO - Message sent successfully.
2024-08-21 18:56:19 - INFO - Serial connection closed.
2024-08-21 18:56:35 - INFO - Serial connection initialized.
2024-08-21 18:56:35 - INFO - Message sent successfully.
2024-08-21 18:56:35 - INFO - Serial connection closed.
2024-08-21 18:58:28 - INFO - Serial connection initialized.
2024-08-21 18:58:28 - INFO - Message sent successfully.
2024-08-21 18:58:28 - INFO - Serial connection closed.
2024-08-21 18:59:15 - INFO - Serial connection initialized.
2024-08-21 18:59:15 - INFO - Message sent successfully.
2024-08-21 18:59:15 - INFO - Serial connection closed.
2024-08-21 18:59:29 - INFO - Serial connection initialized.
2024-08-21 18:59:29 - INFO - Message sent successfully.
2024-08-21 18:59:29 - INFO - Serial connection closed.
2024-08-21 19:08:14 - INFO - Serial connection initialized.
2024-08-21 19:08:14 - INFO - Message sent successfully.
2024-08-21 19:08:14 - INFO - Serial connection closed.
2024-08-21 19:10:38 - INFO - Serial connection initialized.
2024-08-21 19:10:38 - INFO - Message sent successfully.
2024-08-21 19:10:38 - INFO - Serial connection closed.
2024-08-21 19:10:47 - INFO - Serial connection initialized.
2024-08-21 19:10:47 - INFO - Message sent successfully.
2024-08-21 19:10:47 - INFO - Serial connection closed.
2024-08-21 19:11:17 - INFO - Serial connection initialized.
2024-08-21 19:11:17 - INFO - Message sent successfully.
2024-08-21 19:11:17 - INFO - Serial connection closed.
2024-08-21 19:12:30 - INFO - Serial connection initialized.
2024-08-21 19:12:30 - INFO - Message sent successfully.
2024-08-21 19:12:30 - INFO - Serial connection closed.
2024-08-21 19:16:52 - INFO - Serial connection initialized.
2024-08-21 19:16:52 - INFO - Message sent successfully.
2024-08-21 19:16:52 - INFO - Serial connection closed.
2024-08-21 19:18:53 - INFO - Serial connection initialized.
2024-08-21 19:18:53 - INFO - Message sent successfully.
2024-08-21 19:18:53 - INFO - Serial connection closed.
2024-08-21 19:20:52 - INFO - Serial connection initialized.
2024-08-21 19:20:52 - INFO - Message sent successfully.
2024-08-21 19:20:52 - INFO - Serial connection closed.
2024-08-21 19:24:09 - INFO - Serial connection initialized on COM6:9600.
2024-08-21 19:24:09 - INFO - Message sent successfully.
2024-08-21 19:24:09 - INFO - Serial connection closed.
2024-08-21 19:53:52 - INFO - Serial connection initialized on COM6:9600.
2024-08-21 19:53:52 - INFO - Message sent successfully.
2024-08-21 19:53:52 - INFO - Serial connection closed.
2024-08-21 19:56:20 - INFO - Serial connection initialized on COM6:9600.
2024-08-21 19:56:20 - INFO - Message sent successfully.
2024-08-21 19:56:20 - INFO - Serial connection closed.
2024-08-21 19:56:41 - INFO - Serial connection initialized on COM6:9600.
2024-08-21 19:56:41 - INFO - Message sent successfully.
2024-08-21 19:56:41 - INFO - Serial connection closed.
2024-08-21 19:58:13 - INFO - Serial connection initialized on COM6:9600.
2024-08-21 19:58:13 - INFO - Message sent successfully.
2024-08-21 19:58:13 - INFO - Serial connection closed.
2024-08-21 19:58:26 - INFO - Serial connection initialized on COM6:9600.
2024-08-21 19:58:26 - INFO - Message sent successfully.
2024-08-21 19:58:26 - INFO - Serial connection closed.
2024-08-21 20:01:27 - INFO - Serial connection initialized on COM6:9600.
2024-08-21 20:01:27 - INFO - Message sent successfully.
2024-08-21 20:01:27 - INFO - Serial connection closed.
2024-08-21 20:06:35 - INFO - Serial connection initialized on COM6:9600.
2024-08-21 20:06:35 - INFO - Message sent successfully.
2024-08-21 20:06:35 - INFO - Serial connection closed.
2024-08-21 20:06:56 - INFO - Serial connection initialized on COM6:9600.
2024-08-21 20:06:56 - INFO - Message sent successfully.
2024-08-21 20:06:56 - INFO - Serial connection closed.
2024-08-21 20:07:27 - INFO - Serial connection initialized on COM6:9600.
2024-08-21 20:07:27 - INFO - Message sent successfully.
2024-08-21 20:07:27 - INFO - Serial connection closed.
2024-08-21 20:20:51 - INFO - Serial connection initialized on COM6:9600.
2024-08-21 20:20:51 - INFO - Message sent successfully.
2024-08-21 20:20:51 - INFO - Serial connection closed.
2024-11-12 12:04:40 - ERROR - Error initializing serial connection: could not open port 'COM6': FileNotFoundError(2, 'The system cannot find the file specified.', None, 2)
2024-11-12 12:04:59 - INFO - Serial connection initialized on COM4:9600.
2024-11-12 12:04:59 - INFO - Message sent successfully.
2024-11-12 12:04:59 - INFO - Serial connection closed.
2024-11-12 12:05:33 - INFO - Serial connection initialized on COM4:9600.
2024-11-12 12:05:33 - INFO - Message sent successfully.
2024-11-12 12:05:33 - INFO - Serial connection closed.
2024-11-12 12:05:46 - INFO - Serial connection initialized on COM4:9600.
2024-11-12 12:05:46 - INFO - Message sent successfully.
2024-11-12 12:05:46 - INFO - Serial connection closed.
2024-11-12 12:05:55 - INFO - Serial connection initialized on COM4:9600.
2024-11-12 12:05:55 - INFO - Message sent successfully.
2024-11-12 12:05:55 - INFO - Serial connection closed.
2024-11-12 12:06:13 - INFO - Serial connection initialized on COM4:9600.
2024-11-12 12:06:13 - INFO - Message sent successfully.
2024-11-12 12:06:13 - INFO - Serial connection closed.
2024-11-12 12:06:25 - INFO - Serial connection initialized on COM4:9600.
2024-11-12 12:06:25 - INFO - Message sent successfully.
2024-11-12 12:06:25 - INFO - Serial connection closed.
2024-11-12 12:06:37 - INFO - Serial connection initialized on COM4:9600.
2024-11-12 12:06:37 - INFO - Message sent successfully.
2024-11-12 12:06:37 - INFO - Serial connection closed.
2024-11-12 12:06:58 - INFO - Serial connection initialized on COM4:9600.
2024-11-12 12:06:58 - INFO - Message sent successfully.
2024-11-12 12:06:58 - INFO - Serial connection closed.
2024-11-12 12:07:25 - INFO - Serial connection initialized on COM4:9600.
2024-11-12 12:07:25 - INFO - Message sent successfully.
2024-11-12 12:07:25 - INFO - Serial connection closed.
2024-11-12 12:07:46 - INFO - Serial connection initialized on COM4:9600.
2024-11-12 12:07:46 - INFO - Message sent successfully.
2024-11-12 12:07:46 - INFO - Serial connection closed.
2024-11-12 12:08:45 - INFO - Serial connection initialized on COM4:9600.
2024-11-12 12:08:45 - INFO - Message sent successfully.
2024-11-12 12:08:45 - INFO - Serial connection closed.
