2024-11-12 12:45:09 - ERROR - Error initializing serial connection: could not open port 'COM6': FileNotFoundError(2, 'The system cannot find the file specified.', None, 2)
2024-11-12 12:45:09 - ERROR - Failed to initialize serial connection for Bitcoin update.
2024-11-12 12:45:39 - ERROR - Error initializing serial connection: could not open port 'COM6': FileNotFoundError(2, 'The system cannot find the file specified.', None, 2)
2024-11-12 12:45:39 - ERROR - Failed to initialize serial connection for Bitcoin update.
2024-11-12 12:45:55 - INFO - Serial connection initialized on COM4:9600.
2024-11-12 12:45:55 - DEBUG - Starting new HTTPS connection (1): api.coindesk.com:443
2024-11-12 12:45:56 - DEBUG - https://api.coindesk.com:443 "GET /v1/bpi/currentprice/BTC.json HTTP/11" 200 486
2024-11-12 12:45:56 - INFO - Message sent successfully.
2024-11-12 12:45:56 - INFO - Serial connection closed.
2024-11-12 12:46:28 - INFO - Serial connection initialized on COM4:9600.
2024-11-12 12:46:28 - DEBUG - Starting new HTTPS connection (1): api.coindesk.com:443
2024-11-12 12:46:28 - DEBUG - https://api.coindesk.com:443 "GET /v1/bpi/currentprice/BTC.json HTTP/11" 200 486
2024-11-12 12:46:28 - INFO - Message sent successfully.
2024-11-12 12:46:28 - INFO - Serial connection closed.
2024-11-12 12:47:00 - INFO - Serial connection initialized on COM4:9600.
2024-11-12 12:47:00 - DEBUG - Starting new HTTPS connection (1): api.coindesk.com:443
2024-11-12 12:47:00 - DEBUG - https://api.coindesk.com:443 "GET /v1/bpi/currentprice/BTC.json HTTP/11" 200 486
2024-11-12 12:47:00 - INFO - Message sent successfully.
2024-11-12 12:47:00 - INFO - Serial connection closed.
2024-11-12 12:47:32 - INFO - Serial connection initialized on COM4:9600.
2024-11-12 12:47:32 - DEBUG - Starting new HTTPS connection (1): api.coindesk.com:443
2024-11-12 12:47:32 - DEBUG - https://api.coindesk.com:443 "GET /v1/bpi/currentprice/BTC.json HTTP/11" 200 486
2024-11-12 12:47:32 - INFO - Message sent successfully.
2024-11-12 12:47:32 - INFO - Serial connection closed.
2024-11-12 12:48:04 - INFO - Serial connection initialized on COM4:9600.
2024-11-12 12:48:04 - DEBUG - Starting new HTTPS connection (1): api.coindesk.com:443
2024-11-12 12:48:04 - DEBUG - https://api.coindesk.com:443 "GET /v1/bpi/currentprice/BTC.json HTTP/11" 200 486
2024-11-12 12:48:04 - INFO - Message sent successfully.
2024-11-12 12:48:04 - INFO - Serial connection closed.
2024-11-12 12:48:36 - INFO - Serial connection initialized on COM4:9600.
2024-11-12 12:48:36 - DEBUG - Starting new HTTPS connection (1): api.coindesk.com:443
2024-11-12 12:48:37 - DEBUG - https://api.coindesk.com:443 "GET /v1/bpi/currentprice/BTC.json HTTP/11" 200 486
2024-11-12 12:48:37 - INFO - Message sent successfully.
2024-11-12 12:48:37 - INFO - Serial connection closed.
2024-11-12 12:49:09 - INFO - Serial connection initialized on COM4:9600.
2024-11-12 12:49:09 - DEBUG - Starting new HTTPS connection (1): api.coindesk.com:443
2024-11-12 12:49:09 - DEBUG - https://api.coindesk.com:443 "GET /v1/bpi/currentprice/BTC.json HTTP/11" 200 485
2024-11-12 12:49:09 - INFO - Message sent successfully.
2024-11-12 12:49:09 - INFO - Serial connection closed.
2024-11-12 12:49:41 - INFO - Serial connection initialized on COM4:9600.
2024-11-12 12:49:41 - DEBUG - Starting new HTTPS connection (1): api.coindesk.com:443
2024-11-12 12:49:41 - DEBUG - https://api.coindesk.com:443 "GET /v1/bpi/currentprice/BTC.json HTTP/11" 200 485
2024-11-12 12:49:41 - INFO - Message sent successfully.
2024-11-12 12:49:41 - INFO - Serial connection closed.
2024-11-12 12:49:57 - INFO - Serial connection initialized on COM4:9600.
2024-11-12 12:49:57 - DEBUG - Starting new HTTPS connection (1): api.apilayer.com:443
2024-11-12 12:49:58 - DEBUG - https://api.apilayer.com:443 "GET /fixer/latest?base=EUR&apikey=YOUR_API_KEY HTTP/11" 401 48
2024-11-12 12:52:18 - INFO - Serial connection initialized on COM4:9600.
2024-11-12 12:52:18 - DEBUG - Starting new HTTPS connection (1): api.apilayer.com:443
2024-11-12 12:52:18 - DEBUG - https://api.apilayer.com:443 "GET /fixer/latest?base=EUR&apikey=YOUR_API_KEY HTTP/11" 401 48
2024-11-12 12:52:39 - ERROR - Error initializing serial connection: could not open port 'COM6': FileNotFoundError(2, 'The system cannot find the file specified.', None, 2)
2024-11-12 12:52:39 - ERROR - Failed to initialize serial connection for Bitcoin update.
2024-11-12 12:53:09 - ERROR - Error initializing serial connection: could not open port 'COM6': FileNotFoundError(2, 'The system cannot find the file specified.', None, 2)
2024-11-12 12:53:09 - ERROR - Failed to initialize serial connection for Bitcoin update.
2024-11-12 12:53:20 - ERROR - Error initializing serial connection: could not open port 'COM6': FileNotFoundError(2, 'The system cannot find the file specified.', None, 2)
2024-11-12 12:53:20 - ERROR - Failed to initialize serial connection for Bitcoin update.
2024-11-12 12:53:50 - ERROR - Error initializing serial connection: could not open port 'COM6': FileNotFoundError(2, 'The system cannot find the file specified.', None, 2)
2024-11-12 12:53:50 - ERROR - Failed to initialize serial connection for Bitcoin update.
2024-11-12 12:54:12 - INFO - Serial connection initialized on COM4:9600.
2024-11-12 12:54:12 - DEBUG - Starting new HTTPS connection (1): api.coindesk.com:443
2024-11-12 12:54:13 - DEBUG - https://api.coindesk.com:443 "GET /v1/bpi/currentprice/BTC.json HTTP/11" 200 485
2024-11-12 12:54:13 - INFO - Message sent successfully.
2024-11-12 12:54:13 - INFO - Serial connection closed.
2024-11-12 12:54:30 - INFO - Serial connection initialized on COM4:9600.
2024-11-12 12:54:30 - DEBUG - Starting new HTTPS connection (1): api.apilayer.com:443
2024-11-12 12:54:30 - DEBUG - https://api.apilayer.com:443 "GET /fixer/latest?base=EUR&apikey=YOUR_API_KEY HTTP/11" 401 48
2024-11-12 12:55:26 - INFO - Serial connection initialized on COM4:9600.
2024-11-12 12:55:26 - DEBUG - Starting new HTTPS connection (1): api.apilayer.com:443
2024-11-12 12:55:27 - DEBUG - https://api.apilayer.com:443 "GET /fixer/latest?base=EUR&apikey=YOUR_API_KEY HTTP/11" 401 48
2024-11-12 12:55:39 - INFO - Serial connection initialized on COM4:9600.
2024-11-12 12:55:39 - DEBUG - Starting new HTTPS connection (1): api.coindesk.com:443
2024-11-12 12:55:39 - DEBUG - https://api.coindesk.com:443 "GET /v1/bpi/currentprice/BTC.json HTTP/11" 200 486
2024-11-12 12:55:39 - INFO - Message sent successfully.
2024-11-12 12:55:39 - INFO - Serial connection closed.
2024-11-12 12:56:11 - INFO - Serial connection initialized on COM4:9600.
2024-11-12 12:56:11 - DEBUG - Starting new HTTPS connection (1): api.coindesk.com:443
2024-11-12 12:56:11 - DEBUG - https://api.coindesk.com:443 "GET /v1/bpi/currentprice/BTC.json HTTP/11" 200 485
2024-11-12 12:56:11 - INFO - Message sent successfully.
2024-11-12 12:56:11 - INFO - Serial connection closed.
2024-11-12 12:56:28 - INFO - Serial connection initialized on COM4:9600.
2024-11-12 12:56:28 - DEBUG - Starting new HTTPS connection (1): api.coindesk.com:443
2024-11-12 12:56:28 - DEBUG - https://api.coindesk.com:443 "GET /v1/bpi/currentprice/BTC.json HTTP/11" 200 485
2024-11-12 12:56:28 - INFO - Message sent successfully.
2024-11-12 12:56:28 - INFO - Serial connection closed.
2024-11-12 12:57:00 - INFO - Serial connection initialized on COM4:9600.
2024-11-12 12:57:00 - DEBUG - Starting new HTTPS connection (1): api.coindesk.com:443
2024-11-12 12:57:00 - DEBUG - https://api.coindesk.com:443 "GET /v1/bpi/currentprice/BTC.json HTTP/11" 200 486
2024-11-12 12:57:00 - INFO - Message sent successfully.
2024-11-12 12:57:00 - INFO - Serial connection closed.
2024-11-12 12:57:32 - INFO - Serial connection initialized on COM4:9600.
2024-11-12 12:57:32 - DEBUG - Starting new HTTPS connection (1): api.coindesk.com:443
2024-11-12 12:57:32 - DEBUG - https://api.coindesk.com:443 "GET /v1/bpi/currentprice/BTC.json HTTP/11" 200 486
2024-11-12 12:57:32 - INFO - Message sent successfully.
2024-11-12 12:57:32 - INFO - Serial connection closed.
2024-11-12 12:57:37 - INFO - Serial connection initialized on COM4:9600.
2024-11-12 12:57:37 - DEBUG - Starting new HTTPS connection (1): api.exchangerate-api.com:443
2024-11-12 12:57:37 - DEBUG - https://api.exchangerate-api.com:443 "GET /v4/latest/EUR HTTP/11" 200 None
2024-11-12 12:57:37 - INFO - Message sent successfully.
2024-11-12 12:57:37 - INFO - Serial connection closed.
2024-11-12 12:58:09 - INFO - Serial connection initialized on COM4:9600.
2024-11-12 12:58:09 - DEBUG - Starting new HTTPS connection (1): api.exchangerate-api.com:443
2024-11-12 12:58:10 - DEBUG - https://api.exchangerate-api.com:443 "GET /v4/latest/EUR HTTP/11" 200 None
2024-11-12 12:58:10 - INFO - Message sent successfully.
2024-11-12 12:58:10 - INFO - Serial connection closed.
2024-11-12 12:58:30 - INFO - Serial connection initialized on COM4:9600.
2024-11-12 12:58:30 - DEBUG - Starting new HTTPS connection (1): api.coindesk.com:443
2024-11-12 12:58:31 - DEBUG - https://api.coindesk.com:443 "GET /v1/bpi/currentprice/BTC.json HTTP/11" 200 486
2024-11-12 12:58:31 - INFO - Message sent successfully.
2024-11-12 12:58:31 - INFO - Serial connection closed.
2024-11-12 12:58:42 - INFO - Serial connection initialized on COM4:9600.
2024-11-12 12:58:42 - DEBUG - Starting new HTTPS connection (1): api.coindesk.com:443
2024-11-12 12:58:42 - DEBUG - https://api.coindesk.com:443 "GET /v1/bpi/currentprice/BTC.json HTTP/11" 200 486
2024-11-12 12:58:42 - INFO - Message sent successfully.
2024-11-12 12:58:42 - INFO - Serial connection closed.
2024-11-12 12:59:14 - INFO - Serial connection initialized on COM4:9600.
2024-11-12 12:59:14 - DEBUG - Starting new HTTPS connection (1): api.coindesk.com:443
2024-11-12 12:59:14 - DEBUG - https://api.coindesk.com:443 "GET /v1/bpi/currentprice/BTC.json HTTP/11" 200 486
2024-11-12 12:59:14 - INFO - Message sent successfully.
2024-11-12 12:59:14 - INFO - Serial connection closed.
2024-11-12 12:59:46 - INFO - Serial connection initialized on COM4:9600.
2024-11-12 12:59:46 - DEBUG - Starting new HTTPS connection (1): api.coindesk.com:443
2024-11-12 12:59:46 - DEBUG - https://api.coindesk.com:443 "GET /v1/bpi/currentprice/BTC.json HTTP/11" 200 486
2024-11-12 12:59:46 - INFO - Message sent successfully.
2024-11-12 12:59:46 - INFO - Serial connection closed.
2024-11-12 13:00:18 - INFO - Serial connection initialized on COM4:9600.
2024-11-12 13:00:18 - DEBUG - Starting new HTTPS connection (1): api.coindesk.com:443
2024-11-12 13:00:19 - DEBUG - https://api.coindesk.com:443 "GET /v1/bpi/currentprice/BTC.json HTTP/11" 200 486
2024-11-12 13:00:19 - INFO - Message sent successfully.
2024-11-12 13:00:19 - INFO - Serial connection closed.
2024-11-12 13:00:51 - INFO - Serial connection initialized on COM4:9600.
2024-11-12 13:00:51 - DEBUG - Starting new HTTPS connection (1): api.coindesk.com:443
2024-11-12 13:00:51 - DEBUG - https://api.coindesk.com:443 "GET /v1/bpi/currentprice/BTC.json HTTP/11" 200 486
2024-11-12 13:00:51 - INFO - Message sent successfully.
2024-11-12 13:00:51 - INFO - Serial connection closed.
2024-11-12 13:01:23 - INFO - Serial connection initialized on COM4:9600.
2024-11-12 13:01:23 - DEBUG - Starting new HTTPS connection (1): api.coindesk.com:443
2024-11-12 13:01:23 - DEBUG - https://api.coindesk.com:443 "GET /v1/bpi/currentprice/BTC.json HTTP/11" 200 486
2024-11-12 13:01:23 - INFO - Message sent successfully.
2024-11-12 13:01:23 - INFO - Serial connection closed.
2024-11-12 13:01:38 - INFO - Serial connection initialized on COM4:9600.
2024-11-12 13:01:38 - DEBUG - Starting new HTTPS connection (1): api.coindesk.com:443
2024-11-12 13:01:38 - DEBUG - https://api.coindesk.com:443 "GET /v1/bpi/currentprice/BTC.json HTTP/11" 200 486
2024-11-12 13:01:38 - INFO - Message sent successfully.
2024-11-12 13:01:38 - INFO - Serial connection closed.
2024-11-12 13:01:48 - INFO - Serial connection initialized on COM4:9600.
2024-11-12 13:01:48 - DEBUG - Starting new HTTPS connection (1): api.coindesk.com:443
2024-11-12 13:01:48 - DEBUG - https://api.coindesk.com:443 "GET /v1/bpi/currentprice/BTC.json HTTP/11" 200 486
2024-11-12 13:01:48 - INFO - Message sent successfully.
2024-11-12 13:01:48 - INFO - Serial connection closed.
2024-11-12 13:01:54 - INFO - Serial connection initialized on COM4:9600.
2024-11-12 13:01:54 - DEBUG - Starting new HTTPS connection (1): api.coindesk.com:443
2024-11-12 13:01:54 - DEBUG - https://api.coindesk.com:443 "GET /v1/bpi/currentprice/BTC.json HTTP/11" 200 486
2024-11-12 13:01:54 - INFO - Message sent successfully.
2024-11-12 13:01:54 - INFO - Serial connection closed.
2024-11-12 13:02:00 - INFO - Serial connection initialized on COM4:9600.
2024-11-12 13:02:00 - DEBUG - Starting new HTTPS connection (1): api.coindesk.com:443
2024-11-12 13:02:00 - DEBUG - https://api.coindesk.com:443 "GET /v1/bpi/currentprice/BTC.json HTTP/11" 200 486
2024-11-12 13:02:00 - INFO - Message sent successfully.
2024-11-12 13:02:00 - INFO - Serial connection closed.
2024-11-12 13:02:32 - INFO - Serial connection initialized on COM4:9600.
2024-11-12 13:02:32 - DEBUG - Starting new HTTPS connection (1): api.coindesk.com:443
2024-11-12 13:02:32 - DEBUG - https://api.coindesk.com:443 "GET /v1/bpi/currentprice/BTC.json HTTP/11" 200 486
2024-11-12 13:02:32 - INFO - Message sent successfully.
2024-11-12 13:02:32 - INFO - Serial connection closed.
2024-11-12 13:03:04 - INFO - Serial connection initialized on COM4:9600.
2024-11-12 13:03:04 - DEBUG - Starting new HTTPS connection (1): api.coindesk.com:443
2024-11-12 13:03:05 - DEBUG - https://api.coindesk.com:443 "GET /v1/bpi/currentprice/BTC.json HTTP/11" 200 486
2024-11-12 13:03:05 - INFO - Message sent successfully.
2024-11-12 13:03:05 - INFO - Serial connection closed.
2024-11-12 13:03:37 - INFO - Serial connection initialized on COM4:9600.
2024-11-12 13:03:37 - DEBUG - Starting new HTTPS connection (1): api.coindesk.com:443
2024-11-12 13:03:37 - DEBUG - https://api.coindesk.com:443 "GET /v1/bpi/currentprice/BTC.json HTTP/11" 200 486
2024-11-12 13:03:37 - INFO - Message sent successfully.
2024-11-12 13:03:37 - INFO - Serial connection closed.
2024-11-12 13:04:09 - INFO - Serial connection initialized on COM4:9600.
2024-11-12 13:04:09 - DEBUG - Starting new HTTPS connection (1): api.coindesk.com:443
2024-11-12 13:04:09 - DEBUG - https://api.coindesk.com:443 "GET /v1/bpi/currentprice/BTC.json HTTP/11" 200 485
2024-11-12 13:04:09 - INFO - Message sent successfully.
2024-11-12 13:04:09 - INFO - Serial connection closed.
2024-11-12 13:04:15 - INFO - Serial connection initialized on COM4:9600.
2024-11-12 13:04:16 - DEBUG - Starting new HTTPS connection (1): api.coindesk.com:443
2024-11-12 13:04:16 - DEBUG - https://api.coindesk.com:443 "GET /v1/bpi/currentprice/BTC.json HTTP/11" 200 485
2024-11-12 13:04:16 - INFO - Message sent successfully.
2024-11-12 13:04:16 - INFO - Serial connection closed.
2024-11-12 13:04:48 - INFO - Serial connection initialized on COM4:9600.
2024-11-12 13:04:48 - DEBUG - Starting new HTTPS connection (1): api.coindesk.com:443
2024-11-12 13:04:48 - DEBUG - https://api.coindesk.com:443 "GET /v1/bpi/currentprice/BTC.json HTTP/11" 200 486
2024-11-12 13:04:48 - INFO - Message sent successfully.
2024-11-12 13:04:48 - INFO - Serial connection closed.
2024-11-12 13:05:20 - INFO - Serial connection initialized on COM4:9600.
2024-11-12 13:05:20 - DEBUG - Starting new HTTPS connection (1): api.coindesk.com:443
2024-11-12 13:05:20 - DEBUG - https://api.coindesk.com:443 "GET /v1/bpi/currentprice/BTC.json HTTP/11" 200 486
2024-11-12 13:05:20 - INFO - Message sent successfully.
2024-11-12 13:05:20 - INFO - Serial connection closed.
2024-11-12 13:05:52 - INFO - Serial connection initialized on COM4:9600.
2024-11-12 13:05:52 - DEBUG - Starting new HTTPS connection (1): api.coindesk.com:443
2024-11-12 13:05:52 - DEBUG - https://api.coindesk.com:443 "GET /v1/bpi/currentprice/BTC.json HTTP/11" 200 486
2024-11-12 13:05:53 - INFO - Message sent successfully.
2024-11-12 13:05:53 - INFO - Serial connection closed.
2024-11-12 13:06:25 - INFO - Serial connection initialized on COM4:9600.
2024-11-12 13:06:25 - DEBUG - Starting new HTTPS connection (1): api.coindesk.com:443
2024-11-12 13:06:25 - DEBUG - https://api.coindesk.com:443 "GET /v1/bpi/currentprice/BTC.json HTTP/11" 200 486
2024-11-12 13:06:25 - INFO - Message sent successfully.
2024-11-12 13:06:25 - INFO - Serial connection closed.
2024-11-12 13:06:57 - INFO - Serial connection initialized on COM4:9600.
2024-11-12 13:06:57 - DEBUG - Starting new HTTPS connection (1): api.coindesk.com:443
2024-11-12 13:06:57 - DEBUG - https://api.coindesk.com:443 "GET /v1/bpi/currentprice/BTC.json HTTP/11" 200 486
2024-11-12 13:06:57 - INFO - Message sent successfully.
2024-11-12 13:06:57 - INFO - Serial connection closed.
2024-11-12 13:07:29 - INFO - Serial connection initialized on COM4:9600.
2024-11-12 13:07:29 - DEBUG - Starting new HTTPS connection (1): api.coindesk.com:443
2024-11-12 13:07:29 - DEBUG - https://api.coindesk.com:443 "GET /v1/bpi/currentprice/BTC.json HTTP/11" 200 485
2024-11-12 13:07:29 - INFO - Message sent successfully.
2024-11-12 13:07:29 - INFO - Serial connection closed.
2024-11-12 13:08:01 - INFO - Serial connection initialized on COM4:9600.
2024-11-12 13:08:01 - DEBUG - Starting new HTTPS connection (1): api.coindesk.com:443
2024-11-12 13:08:02 - DEBUG - https://api.coindesk.com:443 "GET /v1/bpi/currentprice/BTC.json HTTP/11" 200 486
2024-11-12 13:08:02 - INFO - Message sent successfully.
2024-11-12 13:08:02 - INFO - Serial connection closed.
2024-11-12 13:08:34 - INFO - Serial connection initialized on COM4:9600.
2024-11-12 13:08:34 - DEBUG - Starting new HTTPS connection (1): api.coindesk.com:443
2024-11-12 13:08:34 - DEBUG - https://api.coindesk.com:443 "GET /v1/bpi/currentprice/BTC.json HTTP/11" 200 486
2024-11-12 13:08:34 - INFO - Message sent successfully.
2024-11-12 13:08:34 - INFO - Serial connection closed.
2024-11-12 13:09:06 - INFO - Serial connection initialized on COM4:9600.
2024-11-12 13:09:06 - DEBUG - Starting new HTTPS connection (1): api.coindesk.com:443
2024-11-12 13:09:06 - DEBUG - https://api.coindesk.com:443 "GET /v1/bpi/currentprice/BTC.json HTTP/11" 200 486
2024-11-12 13:09:06 - INFO - Message sent successfully.
2024-11-12 13:09:06 - INFO - Serial connection closed.
2024-11-12 13:09:38 - INFO - Serial connection initialized on COM4:9600.
2024-11-12 13:09:38 - DEBUG - Starting new HTTPS connection (1): api.coindesk.com:443
2024-11-12 13:09:39 - DEBUG - https://api.coindesk.com:443 "GET /v1/bpi/currentprice/BTC.json HTTP/11" 200 486
2024-11-12 13:09:39 - INFO - Message sent successfully.
2024-11-12 13:09:39 - INFO - Serial connection closed.
2024-11-12 13:10:11 - INFO - Serial connection initialized on COM4:9600.
2024-11-12 13:10:11 - DEBUG - Starting new HTTPS connection (1): api.coindesk.com:443
2024-11-12 13:10:11 - DEBUG - https://api.coindesk.com:443 "GET /v1/bpi/currentprice/BTC.json HTTP/11" 200 486
2024-11-12 13:10:11 - INFO - Message sent successfully.
2024-11-12 13:10:11 - INFO - Serial connection closed.
2024-11-12 13:10:43 - INFO - Serial connection initialized on COM4:9600.
2024-11-12 13:10:43 - DEBUG - Starting new HTTPS connection (1): api.coindesk.com:443
2024-11-12 13:10:43 - DEBUG - https://api.coindesk.com:443 "GET /v1/bpi/currentprice/BTC.json HTTP/11" 200 486
2024-11-12 13:10:43 - INFO - Message sent successfully.
2024-11-12 13:10:43 - INFO - Serial connection closed.
2024-11-12 13:11:15 - INFO - Serial connection initialized on COM4:9600.
2024-11-12 13:11:15 - DEBUG - Starting new HTTPS connection (1): api.coindesk.com:443
2024-11-12 13:11:15 - DEBUG - https://api.coindesk.com:443 "GET /v1/bpi/currentprice/BTC.json HTTP/11" 200 486
2024-11-12 13:11:16 - INFO - Message sent successfully.
2024-11-12 13:11:16 - INFO - Serial connection closed.
2024-11-12 13:11:38 - INFO - Serial connection initialized on COM4:9600.
2024-11-12 13:11:38 - DEBUG - Starting new HTTPS connection (1): api.coindesk.com:443
2024-11-12 13:11:38 - DEBUG - https://api.coindesk.com:443 "GET /v1/bpi/currentprice/BTC.json HTTP/11" 200 486
2024-11-12 13:11:38 - INFO - Message sent successfully.
2024-11-12 13:11:39 - INFO - Message sent successfully.
2024-11-12 13:11:39 - INFO - Message sent successfully.
2024-11-12 13:11:39 - INFO - Message sent successfully.
2024-11-12 13:11:39 - INFO - Message sent successfully.
2024-11-12 13:11:50 - DEBUG - Starting new HTTPS connection (1): api.coindesk.com:443
2024-11-12 13:11:50 - DEBUG - https://api.coindesk.com:443 "GET /v1/bpi/currentprice/BTC.json HTTP/11" 200 486
2024-11-12 13:12:55 - INFO - Serial connection initialized on COM4:9600.
2024-11-12 13:12:55 - DEBUG - Starting new HTTPS connection (1): api.coingecko.com:443
2024-11-12 13:12:55 - DEBUG - https://api.coingecko.com:443 "GET /api/v3/simple/price?ids=bitcoin&vs_currencies=usd HTTP/11" 200 None
2024-11-12 13:12:55 - INFO - Message sent successfully.
2024-11-12 13:12:55 - INFO - Message sent successfully.
2024-11-12 13:12:55 - INFO - Message sent successfully.
2024-11-12 13:12:56 - INFO - Message sent successfully.
2024-11-12 13:12:56 - INFO - Message sent successfully.
2024-11-12 13:13:06 - DEBUG - Starting new HTTPS connection (1): api.coingecko.com:443
2024-11-12 13:13:06 - DEBUG - https://api.coingecko.com:443 "GET /api/v3/simple/price?ids=bitcoin&vs_currencies=eur HTTP/11" 200 None
2024-11-12 13:13:06 - INFO - Message sent successfully.
2024-11-12 13:13:07 - INFO - Message sent successfully.
2024-11-12 13:13:07 - INFO - Message sent successfully.
2024-11-12 13:13:07 - INFO - Message sent successfully.
2024-11-12 13:13:08 - INFO - Message sent successfully.
2024-11-12 13:13:18 - INFO - Serial connection closed.
2024-11-12 13:13:50 - INFO - Serial connection initialized on COM4:9600.
2024-11-12 13:13:50 - DEBUG - Starting new HTTPS connection (1): api.coingecko.com:443
2024-11-12 13:13:50 - DEBUG - https://api.coingecko.com:443 "GET /api/v3/simple/price?ids=bitcoin&vs_currencies=usd HTTP/11" 200 None
2024-11-12 13:13:50 - INFO - Message sent successfully.
2024-11-12 13:13:50 - INFO - Message sent successfully.
2024-11-12 13:13:51 - INFO - Message sent successfully.
2024-11-12 13:13:51 - INFO - Message sent successfully.
2024-11-12 13:13:51 - INFO - Message sent successfully.
2024-11-12 13:14:02 - DEBUG - Starting new HTTPS connection (1): api.coingecko.com:443
2024-11-12 13:14:02 - DEBUG - https://api.coingecko.com:443 "GET /api/v3/simple/price?ids=bitcoin&vs_currencies=eur HTTP/11" 200 None
2024-11-12 13:14:02 - INFO - Message sent successfully.
2024-11-12 13:14:02 - INFO - Message sent successfully.
2024-11-12 13:14:02 - INFO - Message sent successfully.
2024-11-12 13:14:03 - INFO - Message sent successfully.
2024-11-12 13:14:03 - INFO - Message sent successfully.
2024-11-12 13:14:13 - INFO - Serial connection closed.
2024-11-12 13:14:45 - INFO - Serial connection initialized on COM4:9600.
2024-11-12 13:14:45 - DEBUG - Starting new HTTPS connection (1): api.coingecko.com:443
2024-11-12 13:14:45 - DEBUG - https://api.coingecko.com:443 "GET /api/v3/simple/price?ids=bitcoin&vs_currencies=usd HTTP/11" 200 None
2024-11-12 13:14:45 - INFO - Message sent successfully.
2024-11-12 13:14:46 - INFO - Message sent successfully.
2024-11-12 13:14:46 - INFO - Message sent successfully.
2024-11-12 13:14:46 - INFO - Message sent successfully.
2024-11-12 13:14:47 - INFO - Message sent successfully.
2024-11-12 13:14:57 - DEBUG - Starting new HTTPS connection (1): api.coingecko.com:443
2024-11-12 13:14:57 - DEBUG - https://api.coingecko.com:443 "GET /api/v3/simple/price?ids=bitcoin&vs_currencies=eur HTTP/11" 200 None
2024-11-12 13:14:57 - INFO - Message sent successfully.
2024-11-12 13:14:57 - INFO - Message sent successfully.
2024-11-12 13:14:58 - INFO - Message sent successfully.
2024-11-12 13:14:58 - INFO - Message sent successfully.
2024-11-12 13:14:58 - INFO - Message sent successfully.
2024-11-12 13:15:09 - INFO - Serial connection closed.
2024-11-12 13:15:39 - INFO - Serial connection initialized on COM4:9600.
2024-11-12 13:15:39 - DEBUG - Starting new HTTPS connection (1): api.coingecko.com:443
2024-11-12 13:15:39 - DEBUG - https://api.coingecko.com:443 "GET /api/v3/simple/price?ids=bitcoin&vs_currencies=usd HTTP/11" 200 None
2024-11-12 13:15:39 - INFO - Message sent successfully.
2024-11-12 13:15:39 - INFO - Message sent successfully.
2024-11-12 13:15:39 - INFO - Message sent successfully.
2024-11-12 13:15:40 - INFO - Message sent successfully.
2024-11-12 13:15:40 - INFO - Message sent successfully.
2024-11-12 13:15:48 - DEBUG - Starting new HTTPS connection (1): api.coingecko.com:443
2024-11-12 13:15:48 - DEBUG - https://api.coingecko.com:443 "GET /api/v3/simple/price?ids=bitcoin&vs_currencies=eur HTTP/11" 200 None
2024-11-12 13:15:48 - INFO - Message sent successfully.
2024-11-12 13:15:48 - INFO - Message sent successfully.
2024-11-12 13:15:48 - INFO - Message sent successfully.
2024-11-12 13:15:49 - INFO - Message sent successfully.
2024-11-12 13:15:49 - INFO - Message sent successfully.
2024-11-12 13:15:57 - DEBUG - Starting new HTTPS connection (1): api.coingecko.com:443
2024-11-12 13:15:57 - DEBUG - https://api.coingecko.com:443 "GET /api/v3/simple/price?ids=bitcoin&vs_currencies=usd HTTP/11" 200 None
2024-11-12 13:15:57 - INFO - Message sent successfully.
2024-11-12 13:15:57 - INFO - Message sent successfully.
2024-11-12 13:15:58 - INFO - Message sent successfully.
2024-11-12 13:15:58 - INFO - Message sent successfully.
2024-11-12 13:15:58 - INFO - Message sent successfully.
2024-11-12 13:16:06 - DEBUG - Starting new HTTPS connection (1): api.coingecko.com:443
2024-11-12 13:16:06 - DEBUG - https://api.coingecko.com:443 "GET /api/v3/simple/price?ids=bitcoin&vs_currencies=eur HTTP/11" 429 187
2024-11-12 13:27:35 - INFO - Serial connection initialized on COM4:9600.
2024-11-12 13:27:35 - DEBUG - Starting new HTTPS connection (1): api.coindesk.com:443
2024-11-12 13:27:35 - DEBUG - https://api.coindesk.com:443 "GET /v1/bpi/currentprice/BTC.json HTTP/11" 200 486
2024-11-12 13:27:36 - INFO - Message sent successfully.
2024-11-12 13:27:36 - INFO - Serial connection closed.
2024-11-12 13:28:08 - INFO - Serial connection initialized on COM4:9600.
2024-11-12 13:28:08 - DEBUG - Starting new HTTPS connection (1): api.coindesk.com:443
2024-11-12 13:28:08 - DEBUG - https://api.coindesk.com:443 "GET /v1/bpi/currentprice/BTC.json HTTP/11" 200 486
2024-11-12 13:28:08 - INFO - Message sent successfully.
2024-11-12 13:28:08 - INFO - Serial connection closed.
2024-11-12 13:28:40 - INFO - Serial connection initialized on COM4:9600.
2024-11-12 13:28:40 - DEBUG - Starting new HTTPS connection (1): api.coindesk.com:443
2024-11-12 13:28:40 - DEBUG - https://api.coindesk.com:443 "GET /v1/bpi/currentprice/BTC.json HTTP/11" 200 486
2024-11-12 13:28:40 - INFO - Message sent successfully.
2024-11-12 13:28:40 - INFO - Serial connection closed.
2024-11-12 13:29:12 - INFO - Serial connection initialized on COM4:9600.
2024-11-12 13:29:12 - DEBUG - Starting new HTTPS connection (1): api.coindesk.com:443
2024-11-12 13:29:12 - DEBUG - https://api.coindesk.com:443 "GET /v1/bpi/currentprice/BTC.json HTTP/11" 200 486
2024-11-12 13:29:12 - INFO - Message sent successfully.
2024-11-12 13:29:12 - INFO - Serial connection closed.
2024-11-12 13:29:45 - INFO - Serial connection initialized on COM4:9600.
2024-11-12 13:29:45 - DEBUG - Starting new HTTPS connection (1): api.coindesk.com:443
2024-11-12 13:29:45 - DEBUG - https://api.coindesk.com:443 "GET /v1/bpi/currentprice/BTC.json HTTP/11" 200 486
2024-11-12 13:29:45 - INFO - Message sent successfully.
2024-11-12 13:29:45 - INFO - Serial connection closed.
2024-11-12 13:30:17 - INFO - Serial connection initialized on COM4:9600.
2024-11-12 13:30:17 - DEBUG - Starting new HTTPS connection (1): api.coindesk.com:443
2024-11-12 13:30:17 - DEBUG - https://api.coindesk.com:443 "GET /v1/bpi/currentprice/BTC.json HTTP/11" 200 486
2024-11-12 13:30:17 - INFO - Message sent successfully.
2024-11-12 13:30:17 - INFO - Serial connection closed.
2024-11-12 13:30:49 - INFO - Serial connection initialized on COM4:9600.
2024-11-12 13:30:49 - DEBUG - Starting new HTTPS connection (1): api.coindesk.com:443
2024-11-12 13:30:49 - DEBUG - https://api.coindesk.com:443 "GET /v1/bpi/currentprice/BTC.json HTTP/11" 200 486
2024-11-12 13:30:49 - INFO - Message sent successfully.
2024-11-12 13:30:49 - INFO - Serial connection closed.
2024-11-12 13:31:21 - INFO - Serial connection initialized on COM4:9600.
2024-11-12 13:31:21 - DEBUG - Starting new HTTPS connection (1): api.coindesk.com:443
2024-11-12 13:31:21 - DEBUG - https://api.coindesk.com:443 "GET /v1/bpi/currentprice/BTC.json HTTP/11" 200 486
2024-11-12 13:31:22 - INFO - Message sent successfully.
2024-11-12 13:31:22 - INFO - Serial connection closed.
2024-11-12 13:31:54 - INFO - Serial connection initialized on COM4:9600.
2024-11-12 13:31:54 - DEBUG - Starting new HTTPS connection (1): api.coindesk.com:443
2024-11-12 13:31:54 - DEBUG - https://api.coindesk.com:443 "GET /v1/bpi/currentprice/BTC.json HTTP/11" 200 486
2024-11-12 13:31:54 - INFO - Message sent successfully.
2024-11-12 13:31:54 - INFO - Serial connection closed.
2024-11-12 13:32:26 - INFO - Serial connection initialized on COM4:9600.
2024-11-12 13:32:26 - DEBUG - Starting new HTTPS connection (1): api.coindesk.com:443
2024-11-12 13:32:26 - DEBUG - https://api.coindesk.com:443 "GET /v1/bpi/currentprice/BTC.json HTTP/11" 200 486
2024-11-12 13:32:26 - INFO - Message sent successfully.
2024-11-12 13:32:26 - INFO - Serial connection closed.
2024-11-12 13:32:58 - INFO - Serial connection initialized on COM4:9600.
2024-11-12 13:32:58 - DEBUG - Starting new HTTPS connection (1): api.coindesk.com:443
2024-11-12 13:32:58 - DEBUG - https://api.coindesk.com:443 "GET /v1/bpi/currentprice/BTC.json HTTP/11" 200 485
2024-11-12 13:32:58 - INFO - Message sent successfully.
2024-11-12 13:32:58 - INFO - Serial connection closed.
2024-11-12 13:33:30 - INFO - Serial connection initialized on COM4:9600.
2024-11-12 13:33:30 - DEBUG - Starting new HTTPS connection (1): api.coindesk.com:443
